2025-08-25 08:45:28,572 - __main__ - INFO - Created default config at config\network_aware_config.yaml
2025-08-25 08:45:28,572 - __main__ - INFO - ==================================================
2025-08-25 08:45:28,572 - __main__ - INFO - Network-Aware GNN Training with Intervention Loop
2025-08-25 08:45:28,572 - __main__ - INFO - ==================================================
2025-08-25 08:45:28,586 - __main__ - INFO - Loaded config from config\network_aware_config.yaml
2025-08-25 08:45:28,586 - __main__ - INFO - Using synthetic data (no KG connection)
2025-08-25 08:45:28,812 - models.network_aware_layers - INFO - Initialized NetworkAwareGNN with 4 layers
2025-08-25 08:45:29,131 - training.network_aware_trainer - INFO - Initialized NetworkAwareGNNTrainer on cuda
2025-08-25 08:45:29,131 - training.network_aware_trainer - INFO - Experiment directory: experiments\exp_20250825_084529
2025-08-25 08:45:29,131 - __main__ - INFO - Creating synthetic MV network data
2025-08-25 08:45:29,214 - __main__ - INFO - Data loaded: 200 buildings, 778 edges
2025-08-25 08:45:29,215 - __main__ - INFO - 
==================================================
2025-08-25 08:45:29,215 - __main__ - INFO - PHASE 1: Training Base Model
2025-08-25 08:45:29,215 - __main__ - INFO - ==================================================
2025-08-25 08:45:29,215 - training.network_aware_trainer - INFO - Starting Phase 1: Base model training
2025-08-25 08:45:30,531 - training.network_aware_trainer - INFO - Epoch 0: Loss=85827.1562, Comp=2.0832, Network=42912.3359
2025-08-25 08:45:30,564 - training.network_aware_trainer - INFO - Saved checkpoint to experiments\exp_20250825_084529\best_base_model.pt
2025-08-25 08:45:30,693 - training.network_aware_trainer - INFO - Saved checkpoint to experiments\exp_20250825_084529\best_base_model.pt
2025-08-25 08:45:30,824 - training.network_aware_trainer - INFO - Saved checkpoint to experiments\exp_20250825_084529\best_base_model.pt
2025-08-25 08:45:30,937 - training.network_aware_trainer - INFO - Saved checkpoint to experiments\exp_20250825_084529\best_base_model.pt
2025-08-25 08:45:31,077 - training.network_aware_trainer - INFO - Saved checkpoint to experiments\exp_20250825_084529\best_base_model.pt
2025-08-25 08:45:31,209 - training.network_aware_trainer - INFO - Saved checkpoint to experiments\exp_20250825_084529\best_base_model.pt
2025-08-25 08:45:31,333 - training.network_aware_trainer - INFO - Saved checkpoint to experiments\exp_20250825_084529\best_base_model.pt
2025-08-25 08:45:31,466 - training.network_aware_trainer - INFO - Saved checkpoint to experiments\exp_20250825_084529\best_base_model.pt
2025-08-25 08:45:31,595 - training.network_aware_trainer - INFO - Saved checkpoint to experiments\exp_20250825_084529\best_base_model.pt
2025-08-25 08:45:31,729 - training.network_aware_trainer - INFO - Saved checkpoint to experiments\exp_20250825_084529\best_base_model.pt
2025-08-25 08:45:31,832 - training.network_aware_trainer - INFO - Epoch 10: Loss=7949.8911, Comp=2.1295, Network=3973.8782
2025-08-25 08:45:31,853 - training.network_aware_trainer - INFO - Saved checkpoint to experiments\exp_20250825_084529\best_base_model.pt
2025-08-25 08:45:31,978 - training.network_aware_trainer - INFO - Saved checkpoint to experiments\exp_20250825_084529\best_base_model.pt
2025-08-25 08:45:32,108 - training.network_aware_trainer - INFO - Saved checkpoint to experiments\exp_20250825_084529\best_base_model.pt
2025-08-25 08:45:32,229 - training.network_aware_trainer - INFO - Saved checkpoint to experiments\exp_20250825_084529\best_base_model.pt
2025-08-25 08:45:32,335 - training.network_aware_trainer - INFO - Saved checkpoint to experiments\exp_20250825_084529\best_base_model.pt
2025-08-25 08:45:32,461 - training.network_aware_trainer - INFO - Saved checkpoint to experiments\exp_20250825_084529\best_base_model.pt
2025-08-25 08:45:32,583 - training.network_aware_trainer - INFO - Saved checkpoint to experiments\exp_20250825_084529\best_base_model.pt
2025-08-25 08:45:32,708 - training.network_aware_trainer - INFO - Saved checkpoint to experiments\exp_20250825_084529\best_base_model.pt
2025-08-25 08:45:32,835 - training.network_aware_trainer - INFO - Saved checkpoint to experiments\exp_20250825_084529\best_base_model.pt
2025-08-25 08:45:32,956 - training.network_aware_trainer - INFO - Saved checkpoint to experiments\exp_20250825_084529\best_base_model.pt
2025-08-25 08:45:33,057 - training.network_aware_trainer - INFO - Epoch 20: Loss=3345.2273, Comp=1.9383, Network=1671.6436
2025-08-25 08:45:33,079 - training.network_aware_trainer - INFO - Saved checkpoint to experiments\exp_20250825_084529\best_base_model.pt
2025-08-25 08:45:33,183 - training.network_aware_trainer - INFO - Saved checkpoint to experiments\exp_20250825_084529\best_base_model.pt
2025-08-25 08:45:33,304 - training.network_aware_trainer - INFO - Saved checkpoint to experiments\exp_20250825_084529\best_base_model.pt
2025-08-25 08:45:33,432 - training.network_aware_trainer - INFO - Saved checkpoint to experiments\exp_20250825_084529\best_base_model.pt
2025-08-25 08:45:33,562 - training.network_aware_trainer - INFO - Saved checkpoint to experiments\exp_20250825_084529\best_base_model.pt
2025-08-25 08:45:33,695 - training.network_aware_trainer - INFO - Saved checkpoint to experiments\exp_20250825_084529\best_base_model.pt
2025-08-25 08:45:33,814 - training.network_aware_trainer - INFO - Saved checkpoint to experiments\exp_20250825_084529\best_base_model.pt
2025-08-25 08:45:33,939 - training.network_aware_trainer - INFO - Saved checkpoint to experiments\exp_20250825_084529\best_base_model.pt
2025-08-25 08:45:34,058 - training.network_aware_trainer - INFO - Saved checkpoint to experiments\exp_20250825_084529\best_base_model.pt
2025-08-25 08:45:34,174 - training.network_aware_trainer - INFO - Saved checkpoint to experiments\exp_20250825_084529\best_base_model.pt
2025-08-25 08:45:34,263 - training.network_aware_trainer - INFO - Epoch 30: Loss=1766.7501, Comp=1.8531, Network=882.4473
2025-08-25 08:45:34,291 - training.network_aware_trainer - INFO - Saved checkpoint to experiments\exp_20250825_084529\best_base_model.pt
2025-08-25 08:45:34,404 - training.network_aware_trainer - INFO - Saved checkpoint to experiments\exp_20250825_084529\best_base_model.pt
2025-08-25 08:45:34,517 - training.network_aware_trainer - INFO - Saved checkpoint to experiments\exp_20250825_084529\best_base_model.pt
2025-08-25 08:45:34,646 - training.network_aware_trainer - INFO - Saved checkpoint to experiments\exp_20250825_084529\best_base_model.pt
2025-08-25 08:45:34,761 - training.network_aware_trainer - INFO - Saved checkpoint to experiments\exp_20250825_084529\best_base_model.pt
2025-08-25 08:45:34,890 - training.network_aware_trainer - INFO - Saved checkpoint to experiments\exp_20250825_084529\best_base_model.pt
2025-08-25 08:45:35,009 - training.network_aware_trainer - INFO - Saved checkpoint to experiments\exp_20250825_084529\best_base_model.pt
2025-08-25 08:45:35,124 - training.network_aware_trainer - INFO - Saved checkpoint to experiments\exp_20250825_084529\best_base_model.pt
2025-08-25 08:45:35,247 - training.network_aware_trainer - INFO - Saved checkpoint to experiments\exp_20250825_084529\best_base_model.pt
2025-08-25 08:45:35,362 - training.network_aware_trainer - INFO - Saved checkpoint to experiments\exp_20250825_084529\best_base_model.pt
2025-08-25 08:45:35,456 - training.network_aware_trainer - INFO - Epoch 40: Loss=1207.0450, Comp=1.8509, Network=602.5955
2025-08-25 08:45:35,480 - training.network_aware_trainer - INFO - Saved checkpoint to experiments\exp_20250825_084529\best_base_model.pt
2025-08-25 08:45:35,593 - training.network_aware_trainer - INFO - Saved checkpoint to experiments\exp_20250825_084529\best_base_model.pt
2025-08-25 08:45:35,717 - training.network_aware_trainer - INFO - Saved checkpoint to experiments\exp_20250825_084529\best_base_model.pt
2025-08-25 08:45:35,844 - training.network_aware_trainer - INFO - Saved checkpoint to experiments\exp_20250825_084529\best_base_model.pt
2025-08-25 08:45:35,972 - training.network_aware_trainer - INFO - Saved checkpoint to experiments\exp_20250825_084529\best_base_model.pt
2025-08-25 08:45:36,086 - training.network_aware_trainer - INFO - Saved checkpoint to experiments\exp_20250825_084529\best_base_model.pt
2025-08-25 08:45:36,205 - training.network_aware_trainer - INFO - Saved checkpoint to experiments\exp_20250825_084529\best_base_model.pt
2025-08-25 08:45:36,441 - training.network_aware_trainer - INFO - Saved checkpoint to experiments\exp_20250825_084529\best_base_model.pt
2025-08-25 08:45:36,574 - training.network_aware_trainer - INFO - Saved checkpoint to experiments\exp_20250825_084529\best_base_model.pt
2025-08-25 08:45:36,574 - training.network_aware_trainer - INFO - Phase 1 complete
2025-08-25 08:45:37,431 - __main__ - INFO - 
==================================================
2025-08-25 08:45:37,431 - __main__ - INFO - PHASE 2: Intervention Loop
2025-08-25 08:45:37,431 - __main__ - INFO - ==================================================
2025-08-25 08:45:37,431 - training.network_aware_trainer - INFO - Starting Phase 2: Intervention loop
2025-08-25 08:45:37,443 - training.network_aware_trainer - INFO - 
=== Intervention Round 1 ===
2025-08-25 08:45:37,513 - training.network_aware_trainer - INFO - Selected nodes: [82, 181, 86, 133, 129]
2025-08-25 08:45:38,323 - training.network_aware_trainer - INFO - Round 1 metrics:
2025-08-25 08:45:38,323 - training.network_aware_trainer - INFO -   - Peak reduction: 0.00%
2025-08-25 08:45:38,323 - training.network_aware_trainer - INFO -   - Network impact: 25.30
2025-08-25 08:45:38,323 - training.network_aware_trainer - INFO -   - Cascade value: 25.30
2025-08-25 08:45:38,324 - training.network_aware_trainer - INFO - 
=== Intervention Round 2 ===
2025-08-25 08:45:38,463 - training.network_aware_trainer - INFO - Selected nodes: [69, 73, 192, 2, 5]
2025-08-25 08:45:38,987 - training.network_aware_trainer - INFO - Round 2 metrics:
2025-08-25 08:45:38,987 - training.network_aware_trainer - INFO -   - Peak reduction: 0.00%
2025-08-25 08:45:38,987 - training.network_aware_trainer - INFO -   - Network impact: 20.03
2025-08-25 08:45:38,987 - training.network_aware_trainer - INFO -   - Cascade value: 20.03
2025-08-25 08:45:38,988 - training.network_aware_trainer - INFO - 
=== Intervention Round 3 ===
2025-08-25 08:45:39,151 - training.network_aware_trainer - INFO - Selected nodes: [128, 124, 169, 165, 173]
2025-08-25 08:45:39,716 - training.network_aware_trainer - INFO - Round 3 metrics:
2025-08-25 08:45:39,716 - training.network_aware_trainer - INFO -   - Peak reduction: 0.12%
2025-08-25 08:45:39,716 - training.network_aware_trainer - INFO -   - Network impact: 22.71
2025-08-25 08:45:39,716 - training.network_aware_trainer - INFO -   - Cascade value: 22.71
2025-08-25 08:45:39,716 - training.network_aware_trainer - INFO - 
=== Intervention Round 4 ===
2025-08-25 08:45:39,864 - training.network_aware_trainer - INFO - Selected nodes: [3, 190, 187, 193, 118]
2025-08-25 08:45:40,402 - training.network_aware_trainer - INFO - Round 4 metrics:
2025-08-25 08:45:40,402 - training.network_aware_trainer - INFO -   - Peak reduction: 0.00%
2025-08-25 08:45:40,402 - training.network_aware_trainer - INFO -   - Network impact: 19.19
2025-08-25 08:45:40,402 - training.network_aware_trainer - INFO -   - Cascade value: 19.19
2025-08-25 08:45:40,402 - training.network_aware_trainer - INFO - 
=== Intervention Round 5 ===
2025-08-25 08:45:40,571 - training.network_aware_trainer - INFO - Selected nodes: [148, 28, 31, 25, 22]
2025-08-25 08:45:41,081 - training.network_aware_trainer - INFO - Round 5 metrics:
2025-08-25 08:45:41,082 - training.network_aware_trainer - INFO -   - Peak reduction: 0.00%
2025-08-25 08:45:41,082 - training.network_aware_trainer - INFO -   - Network impact: 23.75
2025-08-25 08:45:41,082 - training.network_aware_trainer - INFO -   - Cascade value: 23.75
2025-08-25 08:45:41,082 - training.network_aware_trainer - INFO - Phase 2 complete
2025-08-25 08:45:41,520 - __main__ - INFO - 
==================================================
2025-08-25 08:45:41,520 - __main__ - INFO - PHASE 3: Comparing to Baseline
2025-08-25 08:45:41,520 - __main__ - INFO - ==================================================
2025-08-25 08:45:41,520 - training.network_aware_trainer - INFO - 
=== Comparing to baseline ===
2025-08-25 08:45:41,711 - training.network_aware_trainer - INFO - Comparison results:
2025-08-25 08:45:41,711 - training.network_aware_trainer - INFO -   gnn_network_impact: 3.7458
2025-08-25 08:45:41,711 - training.network_aware_trainer - INFO -   baseline_network_impact: 3.6870
2025-08-25 08:45:41,711 - training.network_aware_trainer - INFO -   network_improvement: 0.0159
2025-08-25 08:45:41,711 - training.network_aware_trainer - INFO -   gnn_cascade_value: 266.4813
2025-08-25 08:45:41,711 - training.network_aware_trainer - INFO -   baseline_cascade_value: 251.0271
2025-08-25 08:45:41,712 - training.network_aware_trainer - INFO -   cascade_improvement: 0.0616
2025-08-25 08:45:41,712 - training.network_aware_trainer - INFO -   gnn_coverage: 45.0000
2025-08-25 08:45:41,712 - training.network_aware_trainer - INFO -   baseline_coverage: 40.0000
2025-08-25 08:45:41,712 - training.network_aware_trainer - INFO -   gnn_diversity: 1.3872
2025-08-25 08:45:41,712 - training.network_aware_trainer - INFO -   baseline_diversity: 1.4652
2025-08-25 08:45:41,712 - __main__ - INFO - 
==================================================
2025-08-25 08:45:41,712 - __main__ - INFO - FINAL RESULTS
2025-08-25 08:45:41,712 - __main__ - INFO - ==================================================
2025-08-25 08:45:41,712 - __main__ - INFO - Network Impact Improvement: 1.6%
2025-08-25 08:45:41,712 - __main__ - INFO - Cascade Value Improvement: 6.2%
2025-08-25 08:45:41,712 - __main__ - INFO - GNN Coverage: 45 nodes
2025-08-25 08:45:41,712 - __main__ - INFO - Baseline Coverage: 40 nodes
2025-08-25 08:45:41,841 - __main__ - WARNING -   - multi_hop_significant
2025-08-25 08:45:41,841 - __main__ - WARNING -   - not_simple
2025-08-25 08:45:41,985 - training.network_aware_trainer - INFO - Saved results to experiments\exp_20250825_084529\results.json
2025-08-25 08:45:41,986 - __main__ - INFO - 
Experiment complete. Results saved to experiments\exp_20250825_084529
